<?xml version="1.0" encoding="UTF-8" standalone="no"?>
<!DOCTYPE log SYSTEM "logger.dtd">
<log>
<record>
  <date>2017-06-19T17:23:39</date>
  <millis>1497882219124</millis>
  <sequence>0</sequence>
  <logger>by.komposter.DB.DBConnector</logger>
  <level>SEVERE</level>
  <class>by.komposter.Notificator.Notificator</class>
  <method>pushToScreenNlog</method>
  <thread>1</thread>
  <message>class java.lang.Class</message>
  <exception>
    <message>java.sql.SQLException: Can't create database 'db3'; database exists</message>
    <frame>
      <class>com.mysql.jdbc.SQLError</class>
      <method>createSQLException</method>
      <line>964</line>
    </frame>
    <frame>
      <class>com.mysql.jdbc.MysqlIO</class>
      <method>checkErrorPacket</method>
      <line>3973</line>
    </frame>
    <frame>
      <class>com.mysql.jdbc.MysqlIO</class>
      <method>checkErrorPacket</method>
      <line>3909</line>
    </frame>
    <frame>
      <class>com.mysql.jdbc.MysqlIO</class>
      <method>sendCommand</method>
      <line>2527</line>
    </frame>
    <frame>
      <class>com.mysql.jdbc.MysqlIO</class>
      <method>sqlQueryDirect</method>
      <line>2680</line>
    </frame>
    <frame>
      <class>com.mysql.jdbc.ConnectionImpl</class>
      <method>execSQL</method>
      <line>2501</line>
    </frame>
    <frame>
      <class>com.mysql.jdbc.PreparedStatement</class>
      <method>executeInternal</method>
      <line>1858</line>
    </frame>
    <frame>
      <class>com.mysql.jdbc.PreparedStatement</class>
      <method>executeUpdateInternal</method>
      <line>2079</line>
    </frame>
    <frame>
      <class>com.mysql.jdbc.PreparedStatement</class>
      <method>executeUpdateInternal</method>
      <line>2013</line>
    </frame>
    <frame>
      <class>com.mysql.jdbc.PreparedStatement</class>
      <method>executeLargeUpdate</method>
      <line>5104</line>
    </frame>
    <frame>
      <class>com.mysql.jdbc.PreparedStatement</class>
      <method>executeUpdate</method>
      <line>1998</line>
    </frame>
    <frame>
      <class>by.komposter.DB.DBConnector</class>
      <method>dbCreate</method>
      <line>58</line>
    </frame>
    <frame>
      <class>by.komposter.Main</class>
      <method>main</method>
      <line>12</line>
    </frame>
    <frame>
      <class>sun.reflect.NativeMethodAccessorImpl</class>
      <method>invoke0</method>
    </frame>
    <frame>
      <class>sun.reflect.NativeMethodAccessorImpl</class>
      <method>invoke</method>
      <line>62</line>
    </frame>
    <frame>
      <class>sun.reflect.DelegatingMethodAccessorImpl</class>
      <method>invoke</method>
      <line>43</line>
    </frame>
    <frame>
      <class>java.lang.reflect.Method</class>
      <method>invoke</method>
      <line>498</line>
    </frame>
    <frame>
      <class>com.intellij.rt.execution.application.AppMain</class>
      <method>main</method>
      <line>147</line>
    </frame>
  </exception>
</record>
</log>
